make all --print-data-base --no-builtin-variables --no-builtin-rules --question
make: *** No rule to make target 'all'.  Stop.

# GNU Make 4.3
# Built for x86_64-pc-linux-gnu
# Copyright (C) 1988-2020 Free Software Foundation, Inc.
# License GPLv3+: GNU GPL version 3 or later <http://gnu.org/licenses/gpl.html>
# This is free software: you are free to change and redistribute it.
# There is NO WARRANTY, to the extent permitted by law.

# Make data base, printed on Tue Aug 16 17:44:27 2022

# Variables

# environment
GDK_BACKEND = x11
# environment
LC_ALL = C
# environment
GNOME_SHELL_SESSION_MODE = ubuntu
# environment
SSH_AGENT_LAUNCHER = gnome-keyring
# environment
DEVECOSTUDIO_VM_OPTIONS = /home/srahkmli/Downloads/ja-netfilter-v2022.2.0/ja-netfilter/vmoptions/devecostudio.vmoptions
# environment
GJS_DEBUG_OUTPUT = stderr
# environment
LC_NAME = en_US.UTF-8
# environment
LC_NUMERIC = en_US.UTF-8
# environment
VSCODE_CWD = /home/srahkmli
# environment
LC_ADDRESS = en_US.UTF-8
# default
MAKE_COMMAND := make
# environment
QT_ACCESSIBILITY = 1
# makefile (from 'Makefile', line 1)
GOPATH := /home/srahkmli/go
# automatic
@D = $(patsubst %/,%,$(dir $@))
# environment
STUDIO_VM_OPTIONS = /home/srahkmli/Downloads/ja-netfilter-v2022.2.0/ja-netfilter/vmoptions/studio.vmoptions
# environment
VSCODE_HANDLES_UNCAUGHT_ERRORS = true
# default
.VARIABLES := 
# environment
PWD = /home/srahkmli/Documents/780/testGrpc
# automatic
%D = $(patsubst %/,%,$(dir $%))
# environment
LSCOLORS = Gxfxcxdxbxegedabagacad
# environment
XDG_DATA_DIRS = /usr/local/share/:/usr/share/:/var/lib/snapd/desktop
# environment
OLDPWD = /home/srahkmli
# automatic
^D = $(patsubst %/,%,$(dir $^))
# automatic
%F = $(notdir $%)
# environment
VSCODE_CODE_CACHE_PATH = /home/srahkmli/.config/Code/CachedData/6d9b74a70ca9c7733b29f0456fd8195364076dda
# environment
LANG = C
# environment
XAUTHORITY = /run/user/1000/.mutter-Xwaylandauth.LGO4Q1
# default
.LOADED := 
# default
.INCLUDE_DIRS = /usr/local/include /usr/include /usr/include
# makefile
MAKEFLAGS = pqrR
# environment
GOLAND_VM_OPTIONS = /home/srahkmli/Downloads/ja-netfilter-v2022.2.0/ja-netfilter/vmoptions/goland.vmoptions
# makefile
CURDIR := /home/srahkmli/Documents/780/testGrpc
# environment
APPLICATION_INSIGHTS_NO_DIAGNOSTIC_CHANNEL = true
# automatic
*D = $(patsubst %/,%,$(dir $*))
# environment
JETBRAINSCLIENT_VM_OPTIONS = /home/srahkmli/Downloads/ja-netfilter-v2022.2.0/ja-netfilter/vmoptions/jetbrainsclient.vmoptions
# environment
MFLAGS = -pqrR
# environment
SSH_AUTH_SOCK = /run/user/1000/keyring/ssh
# default
.SHELLFLAGS := -c
# environment
WAYLAND_DISPLAY = wayland-0
# automatic
+D = $(patsubst %/,%,$(dir $+))
# environment
P9K_SSH = 0
# environment
XDG_SESSION_DESKTOP = ubuntu
# makefile (from 'Makefile', line 1)
MAKEFILE_LIST := Makefile
# automatic
@F = $(notdir $@)
# environment
ZSH = /home/srahkmli/.oh-my-zsh
# environment
VSCODE_PID = 114844
# environment
XDG_SESSION_TYPE = wayland
# automatic
?D = $(patsubst %/,%,$(dir $?))
# environment
CLION_VM_OPTIONS = /home/srahkmli/Downloads/ja-netfilter-v2022.2.0/ja-netfilter/vmoptions/clion.vmoptions
# environment
SESSION_MANAGER = local/katana:@/tmp/.ICE-unix/3498,unix/katana:/tmp/.ICE-unix/3498
# automatic
*F = $(notdir $*)
# environment
APPCODE_VM_OPTIONS = /home/srahkmli/Downloads/ja-netfilter-v2022.2.0/ja-netfilter/vmoptions/appcode.vmoptions
# environment
CHROME_DESKTOP = code-url-handler.desktop
# environment
DBUS_SESSION_BUS_ADDRESS = unix:path=/run/user/1000/bus
# automatic
<D = $(patsubst %/,%,$(dir $<))
# environment
VSCODE_NLS_CONFIG = {"locale":"en-us","availableLanguages":{},"_languagePackSupport":true}
# default
MAKE_HOST := x86_64-pc-linux-gnu
# environment
GNOME_DESKTOP_SESSION_ID = this-is-deprecated
# makefile
SHELL = /bin/sh
# default
MAKECMDGOALS := all
# environment
XMODIFIERS = @im=ibus
# environment
GJS_DEBUG_TOPICS = JS ERROR;JS LOG
# environment
SHLVL = 0
# environment
PHPSTORM_VM_OPTIONS = /home/srahkmli/Downloads/ja-netfilter-v2022.2.0/ja-netfilter/vmoptions/phpstorm.vmoptions
# environment
RUBYMINE_VM_OPTIONS = /home/srahkmli/Downloads/ja-netfilter-v2022.2.0/ja-netfilter/vmoptions/rubymine.vmoptions
# environment
MAKELEVEL := 0
# default
MAKE = $(MAKE_COMMAND)
# environment
PATH = /usr/local/sbin:/usr/local/bin:/usr/sbin:/usr/bin:/sbin:/bin:/usr/games:/usr/local/games:/snap/bin:/snap/bin:/usr/local/go/bin:/home/srahkmli/go/bin
# default
MAKEFILES := 
# environment
LC_MONETARY = en_US.UTF-8
# automatic
^F = $(notdir $^)
# environment
LC_TIME = en_US.UTF-8
# environment
WEBIDE_VM_OPTIONS = /home/srahkmli/Downloads/ja-netfilter-v2022.2.0/ja-netfilter/vmoptions/webide.vmoptions
# environment
PYCHARM_VM_OPTIONS = /home/srahkmli/Downloads/ja-netfilter-v2022.2.0/ja-netfilter/vmoptions/pycharm.vmoptions
# environment
RIDER_VM_OPTIONS = /home/srahkmli/Downloads/ja-netfilter-v2022.2.0/ja-netfilter/vmoptions/rider.vmoptions
# environment
IDEA_VM_OPTIONS = /home/srahkmli/Downloads/ja-netfilter-v2022.2.0/ja-netfilter/vmoptions/idea.vmoptions
# environment
INVOCATION_ID = 1e8b396032bf424dab163c3bb05a370d
# environment
USERNAME = srahkmli
# environment
GNOME_SETUP_DISPLAY = :1
# environment
LC_TELEPHONE = en_US.UTF-8
# automatic
?F = $(notdir $?)
# environment
DATAGRIP_VM_OPTIONS = /home/srahkmli/Downloads/ja-netfilter-v2022.2.0/ja-netfilter/vmoptions/datagrip.vmoptions
# environment
XDG_CURRENT_DESKTOP = Unity
# environment
WEBSTORM_VM_OPTIONS = /home/srahkmli/Downloads/ja-netfilter-v2022.2.0/ja-netfilter/vmoptions/webstorm.vmoptions
# environment
LS_COLORS = 
# automatic
+F = $(notdir $+)
# environment
LESS = -R
# environment
DESKTOP_SESSION = ubuntu
# environment
ORIGINAL_XDG_CURRENT_DESKTOP = ubuntu:GNOME
# 'override' directive
GNUMAKEFLAGS := 
# environment
DATASPELL_VM_OPTIONS = /home/srahkmli/Downloads/ja-netfilter-v2022.2.0/ja-netfilter/vmoptions/dataspell.vmoptions
# environment
LOGNAME = srahkmli
# environment
GIO_LAUNCHED_DESKTOP_FILE = /usr/share/applications/code.desktop
# makefile
.DEFAULT_GOAL := init
# environment
SYSTEMD_EXEC_PID = 3516
# environment
DISPLAY = :0
# environment
USER = srahkmli
# environment
GTK_MODULES = gail:atk-bridge
# default
MAKE_VERSION := 4.3
# 'override' directive
.SHELLSTATUS := 0
# environment
MANAGERPID = 3380
# environment
LC_MEASUREMENT = en_US.UTF-8
# environment
GIO_LAUNCHED_DESKTOP_FILE_PID = 114844
# environment
PAGER = less
# environment
JETBRAINS_CLIENT_VM_OPTIONS = /home/srahkmli/Downloads/ja-netfilter-v2022.2.0/ja-netfilter/vmoptions/jetbrains_client.vmoptions
# environment
_ = /usr/share/code/code
# environment
LC_PAPER = en_US.UTF-8
# environment
XDG_RUNTIME_DIR = /run/user/1000
# environment
JOURNAL_STREAM = 8:46108
# environment
GOMODCACHE = /home/srahkmli/go/pkg/mod
# environment
XDG_SESSION_CLASS = user
# environment
VSCODE_AMD_ENTRYPOINT = vs/workbench/api/node/extensionHostProcess
# environment
HOME = /home/srahkmli
# environment
QT_IM_MODULE = ibus
# environment
ELECTRON_RUN_AS_NODE = 1
# environment
VSCODE_IPC_HOOK = /run/user/1000/vscode-369e6b0d-1.70.1-main.sock
# environment
PAPERSIZE = letter
# environment
GOPROXY = https://proxy.golang.org,direct
# default
.RECIPEPREFIX := 
# automatic
<F = $(notdir $<)
# default
SUFFIXES := 
# default
.FEATURES := target-specific order-only second-expansion else-if shortest-stem undefine oneshell nocomment grouped-target extra-prereqs archives jobserver output-sync check-symlink load
# environment
GATEWAY_VM_OPTIONS = /home/srahkmli/Downloads/ja-netfilter-v2022.2.0/ja-netfilter/vmoptions/gateway.vmoptions
# environment
XDG_MENU_PREFIX = gnome-
# environment
GDMSESSION = ubuntu
# environment
LC_IDENTIFICATION = en_US.UTF-8
# variable set hash-table stats:
# Load=126/1024=12%, Rehash=0, Collisions=6/160=4%

# Pattern-specific Variable Values

# No pattern-specific variable values.

# Directories

# . (device 2050, inode 3188255): 33 files, no impossibilities.

# 33 files, no impossibilities in 1 directories.

# Implicit Rules

# No implicit rules.

 
# Files

proto:
#  Phony target (prerequisite of .PHONY).
#  Implicit rule search has not been done.
#  File does not exist.
#  File has not been updated.
#  recipe to execute (from 'Makefile', line 17):
	mkdir -p api/swagger
	mkdir -p api/pb
	protoc -I pb/proto -I pb/aux \
	--go_out api/pb \
	--openapiv2_out=logtostderr=true,repeated_path_param_separator=ssv:./api/swagger \
	--openapiv2_opt use_go_templates=true \
	--openapiv2_opt logtostderr=true \
	--openapiv2_opt use_go_templates=true \
	--grpc-gateway_opt logtostderr=true \
	--grpc-gateway_opt paths=source_relative \
	--go_opt paths=source_relative \
	--go-grpc_out api/pb \
	--go-grpc_opt paths=source_relative \
	--grpc-gateway_out api/pb \
	--grpc-gateway_opt paths=source_relative pb/proto/base/*.proto \
	--grpc-gateway_opt paths=source_relative pb/proto/product/*.proto

# Not a target:
Makefile:
#  Implicit rule search has been done.
#  Last modified 2022-08-16 12:15:54.026122651
#  File has been updated.
#  Successfully updated.

submodule:
#  Phony target (prerequisite of .PHONY).
#  Implicit rule search has not been done.
#  File does not exist.
#  File has not been updated.
#  recipe to execute (from 'Makefile', line 12):
	git submodule init
	git submodule update

vendor:
#  Phony target (prerequisite of .PHONY).
#  Implicit rule search has not been done.
#  File does not exist.
#  File has not been updated.
#  recipe to execute (from 'Makefile', line 45):
	go get ./...
	go mod vendor
	go mod verify

config:
#  Phony target (prerequisite of .PHONY).
#  Implicit rule search has not been done.
#  File does not exist.
#  File has not been updated.
#  recipe to execute (from 'Makefile', line 51):
	cp -rf ./config.example.yaml ./config.yaml
	cp -rf ./config.example.yaml ./config.test.yaml

# Not a target:
.DEFAULT:
#  Implicit rule search has not been done.
#  Modification time never checked.
#  File has not been updated.

gitlab:
#  Phony target (prerequisite of .PHONY).
#  Implicit rule search has not been done.
#  File does not exist.
#  File has not been updated.
#  recipe to execute (from 'Makefile', line 56):
	-cp -rf ./-gitlab-ci.yml ./.gitlab-ci.yml
	-rm -rf ./-gitlab-ci.yml

init:
#  Phony target (prerequisite of .PHONY).
#  Implicit rule search has not been done.
#  File does not exist.
#  File has not been updated.
#  recipe to execute (from 'Makefile', line 5):
	make submodule
	make proto
	make config
	make gitlab

# Not a target:
all:
#  Command line target.
#  Implicit rule search has been done.
#  File does not exist.
#  File has not been updated.

build:
#  Phony target (prerequisite of .PHONY).
#  Implicit rule search has not been done.
#  File does not exist.
#  File has not been updated.
#  recipe to execute (from 'Makefile', line 37):
	go build -o base *.go

test:
#  Phony target (prerequisite of .PHONY).
#  Implicit rule search has not been done.
#  File does not exist.
#  File has not been updated.
#  recipe to execute (from 'Makefile', line 41):
	go test -v ./... -cover -race

.PHONY: init submodule proto build test vendor config gitlab
#  Implicit rule search has not been done.
#  Modification time never checked.
#  File has not been updated.

# files hash-table stats:
# Load=13/1024=1%, Rehash=0, Collisions=0/46=0%
# VPATH Search Paths

# No 'vpath' search paths.

# No general ('VPATH' variable) search path.

# strcache buffers: 1 (0) / strings = 46 / storage = 405 B / avg = 8 B
# current buf: size = 8162 B / used = 405 B / count = 46 / avg = 8 B

# strcache performance: lookups = 82 / hit rate = 43%
# hash-table stats:
# Load=46/8192=1%, Rehash=0, Collisions=0/82=0%
# Finished Make data base on Tue Aug 16 17:44:27 2022

 
